<?xml version="1.0" encoding="UTF-8"?>
<checkstyle version="6.1.1">
<file name="C:\Users\arath7\workspace\citi-msbf-workflow-artifacts\src\main\java\com\citi\msbf\workflow\artifact\model\BusinessProcessData.java">
<error line="6" column="1" severity="error" message="Line contains a tab character." source="com.puppycrawl.tools.checkstyle.checks.whitespace.FileTabCharacterCheck"/>
<error line="7" column="1" severity="error" message="Line contains a tab character." source="com.puppycrawl.tools.checkstyle.checks.whitespace.FileTabCharacterCheck"/>
<error line="9" column="1" severity="error" message="Line contains a tab character." source="com.puppycrawl.tools.checkstyle.checks.whitespace.FileTabCharacterCheck"/>
<error line="10" column="1" severity="error" message="Line contains a tab character." source="com.puppycrawl.tools.checkstyle.checks.whitespace.FileTabCharacterCheck"/>
<error line="11" column="1" severity="error" message="Line contains a tab character." source="com.puppycrawl.tools.checkstyle.checks.whitespace.FileTabCharacterCheck"/>
<error line="12" column="1" severity="error" message="Line contains a tab character." source="com.puppycrawl.tools.checkstyle.checks.whitespace.FileTabCharacterCheck"/>
<error line="13" column="1" severity="error" message="Line contains a tab character." source="com.puppycrawl.tools.checkstyle.checks.whitespace.FileTabCharacterCheck"/>
<error line="15" column="1" severity="error" message="Line contains a tab character." source="com.puppycrawl.tools.checkstyle.checks.whitespace.FileTabCharacterCheck"/>
<error line="16" column="1" severity="error" message="Line contains a tab character." source="com.puppycrawl.tools.checkstyle.checks.whitespace.FileTabCharacterCheck"/>
<error line="17" column="1" severity="error" message="Line contains a tab character." source="com.puppycrawl.tools.checkstyle.checks.whitespace.FileTabCharacterCheck"/>
<error line="19" column="1" severity="error" message="Line contains a tab character." source="com.puppycrawl.tools.checkstyle.checks.whitespace.FileTabCharacterCheck"/>
<error line="20" column="1" severity="error" message="Line contains a tab character." source="com.puppycrawl.tools.checkstyle.checks.whitespace.FileTabCharacterCheck"/>
<error line="21" column="1" severity="error" message="Line contains a tab character." source="com.puppycrawl.tools.checkstyle.checks.whitespace.FileTabCharacterCheck"/>
<error line="23" column="1" severity="error" message="Line contains a tab character." source="com.puppycrawl.tools.checkstyle.checks.whitespace.FileTabCharacterCheck"/>
<error line="24" column="1" severity="error" message="Line contains a tab character." source="com.puppycrawl.tools.checkstyle.checks.whitespace.FileTabCharacterCheck"/>
<error line="25" column="1" severity="error" message="Line contains a tab character." source="com.puppycrawl.tools.checkstyle.checks.whitespace.FileTabCharacterCheck"/>
<error line="27" column="1" severity="error" message="Line contains a tab character." source="com.puppycrawl.tools.checkstyle.checks.whitespace.FileTabCharacterCheck"/>
<error line="28" column="1" severity="error" message="Line contains a tab character." source="com.puppycrawl.tools.checkstyle.checks.whitespace.FileTabCharacterCheck"/>
<error line="29" column="1" severity="error" message="Line contains a tab character." source="com.puppycrawl.tools.checkstyle.checks.whitespace.FileTabCharacterCheck"/>
</file>
<file name="C:\Users\arath7\workspace\citi-msbf-workflow-artifacts\src\main\java\com\citi\msbf\workflow\artifact\model\LoanData.java">
<error line="5" column="1" severity="error" message="Line contains a tab character." source="com.puppycrawl.tools.checkstyle.checks.whitespace.FileTabCharacterCheck"/>
<error line="7" column="1" severity="error" message="Line contains a tab character." source="com.puppycrawl.tools.checkstyle.checks.whitespace.FileTabCharacterCheck"/>
<error line="8" column="1" severity="error" message="Line contains a tab character." source="com.puppycrawl.tools.checkstyle.checks.whitespace.FileTabCharacterCheck"/>
<error line="9" column="1" severity="error" message="Line contains a tab character." source="com.puppycrawl.tools.checkstyle.checks.whitespace.FileTabCharacterCheck"/>
<error line="11" column="1" severity="error" message="Line contains a tab character." source="com.puppycrawl.tools.checkstyle.checks.whitespace.FileTabCharacterCheck"/>
<error line="12" column="1" severity="error" message="Line contains a tab character." source="com.puppycrawl.tools.checkstyle.checks.whitespace.FileTabCharacterCheck"/>
<error line="13" column="1" severity="error" message="Line contains a tab character." source="com.puppycrawl.tools.checkstyle.checks.whitespace.FileTabCharacterCheck"/>
<error line="15" column="1" severity="error" message="Line contains a tab character." source="com.puppycrawl.tools.checkstyle.checks.whitespace.FileTabCharacterCheck"/>
<error line="16" column="1" severity="error" message="Line contains a tab character." source="com.puppycrawl.tools.checkstyle.checks.whitespace.FileTabCharacterCheck"/>
<error line="17" column="1" severity="error" message="Line contains a tab character." source="com.puppycrawl.tools.checkstyle.checks.whitespace.FileTabCharacterCheck"/>
<error line="18" column="1" severity="error" message="Line contains a tab character." source="com.puppycrawl.tools.checkstyle.checks.whitespace.FileTabCharacterCheck"/>
<error line="19" column="1" severity="error" message="Line contains a tab character." source="com.puppycrawl.tools.checkstyle.checks.whitespace.FileTabCharacterCheck"/>
</file>
<file name="C:\Users\arath7\workspace\citi-msbf-workflow-artifacts\src\main\java\com\citi\msbf\workflow\artifact\model\ProcessData.java">
<error line="6" column="1" severity="error" message="Line contains a tab character." source="com.puppycrawl.tools.checkstyle.checks.whitespace.FileTabCharacterCheck"/>
<error line="7" column="1" severity="error" message="Line contains a tab character." source="com.puppycrawl.tools.checkstyle.checks.whitespace.FileTabCharacterCheck"/>
<error line="8" column="1" severity="error" message="Line contains a tab character." source="com.puppycrawl.tools.checkstyle.checks.whitespace.FileTabCharacterCheck"/>
<error line="9" column="1" severity="error" message="Line contains a tab character." source="com.puppycrawl.tools.checkstyle.checks.whitespace.FileTabCharacterCheck"/>
<error line="10" column="1" severity="error" message="Line contains a tab character." source="com.puppycrawl.tools.checkstyle.checks.whitespace.FileTabCharacterCheck"/>
<error line="11" column="1" severity="error" message="Line contains a tab character." source="com.puppycrawl.tools.checkstyle.checks.whitespace.FileTabCharacterCheck"/>
<error line="12" column="1" severity="error" message="Line contains a tab character." source="com.puppycrawl.tools.checkstyle.checks.whitespace.FileTabCharacterCheck"/>
<error line="14" column="1" severity="error" message="Line contains a tab character." source="com.puppycrawl.tools.checkstyle.checks.whitespace.FileTabCharacterCheck"/>
<error line="15" column="1" severity="error" message="Line contains a tab character." source="com.puppycrawl.tools.checkstyle.checks.whitespace.FileTabCharacterCheck"/>
<error line="16" column="1" severity="error" message="Line contains a tab character." source="com.puppycrawl.tools.checkstyle.checks.whitespace.FileTabCharacterCheck"/>
<error line="17" column="1" severity="error" message="Line contains a tab character." source="com.puppycrawl.tools.checkstyle.checks.whitespace.FileTabCharacterCheck"/>
<error line="18" column="1" severity="error" message="Line contains a tab character." source="com.puppycrawl.tools.checkstyle.checks.whitespace.FileTabCharacterCheck"/>
<error line="19" column="1" severity="error" message="Line contains a tab character." source="com.puppycrawl.tools.checkstyle.checks.whitespace.FileTabCharacterCheck"/>
<error line="20" column="1" severity="error" message="Line contains a tab character." source="com.puppycrawl.tools.checkstyle.checks.whitespace.FileTabCharacterCheck"/>
<error line="21" column="1" severity="error" message="Line contains a tab character." source="com.puppycrawl.tools.checkstyle.checks.whitespace.FileTabCharacterCheck"/>
<error line="22" column="1" severity="error" message="Line contains a tab character." source="com.puppycrawl.tools.checkstyle.checks.whitespace.FileTabCharacterCheck"/>
<error line="23" column="1" severity="error" message="Line contains a tab character." source="com.puppycrawl.tools.checkstyle.checks.whitespace.FileTabCharacterCheck"/>
<error line="24" column="1" severity="error" message="Line contains a tab character." source="com.puppycrawl.tools.checkstyle.checks.whitespace.FileTabCharacterCheck"/>
<error line="26" column="1" severity="error" message="Line contains a tab character." source="com.puppycrawl.tools.checkstyle.checks.whitespace.FileTabCharacterCheck"/>
<error line="27" column="1" severity="error" message="Line contains a tab character." source="com.puppycrawl.tools.checkstyle.checks.whitespace.FileTabCharacterCheck"/>
<error line="28" column="1" severity="error" message="Line contains a tab character." source="com.puppycrawl.tools.checkstyle.checks.whitespace.FileTabCharacterCheck"/>
<error line="30" column="1" severity="error" message="Line contains a tab character." source="com.puppycrawl.tools.checkstyle.checks.whitespace.FileTabCharacterCheck"/>
<error line="31" column="1" severity="error" message="Line contains a tab character." source="com.puppycrawl.tools.checkstyle.checks.whitespace.FileTabCharacterCheck"/>
<error line="32" column="1" severity="error" message="Line contains a tab character." source="com.puppycrawl.tools.checkstyle.checks.whitespace.FileTabCharacterCheck"/>
<error line="34" column="1" severity="error" message="Line contains a tab character." source="com.puppycrawl.tools.checkstyle.checks.whitespace.FileTabCharacterCheck"/>
<error line="35" column="1" severity="error" message="Line contains a tab character." source="com.puppycrawl.tools.checkstyle.checks.whitespace.FileTabCharacterCheck"/>
<error line="36" column="1" severity="error" message="Line contains a tab character." source="com.puppycrawl.tools.checkstyle.checks.whitespace.FileTabCharacterCheck"/>
<error line="38" column="1" severity="error" message="Line contains a tab character." source="com.puppycrawl.tools.checkstyle.checks.whitespace.FileTabCharacterCheck"/>
<error line="39" column="1" severity="error" message="Line contains a tab character." source="com.puppycrawl.tools.checkstyle.checks.whitespace.FileTabCharacterCheck"/>
<error line="40" column="1" severity="error" message="Line contains a tab character." source="com.puppycrawl.tools.checkstyle.checks.whitespace.FileTabCharacterCheck"/>
<error line="42" column="1" severity="error" message="Line contains a tab character." source="com.puppycrawl.tools.checkstyle.checks.whitespace.FileTabCharacterCheck"/>
<error line="43" column="1" severity="error" message="Line contains a tab character." source="com.puppycrawl.tools.checkstyle.checks.whitespace.FileTabCharacterCheck"/>
<error line="44" column="1" severity="error" message="Line contains a tab character." source="com.puppycrawl.tools.checkstyle.checks.whitespace.FileTabCharacterCheck"/>
<error line="46" column="1" severity="error" message="Line contains a tab character." source="com.puppycrawl.tools.checkstyle.checks.whitespace.FileTabCharacterCheck"/>
<error line="47" column="1" severity="error" message="Line contains a tab character." source="com.puppycrawl.tools.checkstyle.checks.whitespace.FileTabCharacterCheck"/>
<error line="48" column="1" severity="error" message="Line contains a tab character." source="com.puppycrawl.tools.checkstyle.checks.whitespace.FileTabCharacterCheck"/>
<error line="50" column="1" severity="error" message="Line contains a tab character." source="com.puppycrawl.tools.checkstyle.checks.whitespace.FileTabCharacterCheck"/>
<error line="51" column="1" severity="error" message="Line contains a tab character." source="com.puppycrawl.tools.checkstyle.checks.whitespace.FileTabCharacterCheck"/>
<error line="52" column="1" severity="error" message="Line contains a tab character." source="com.puppycrawl.tools.checkstyle.checks.whitespace.FileTabCharacterCheck"/>
<error line="54" column="1" severity="error" message="Line contains a tab character." source="com.puppycrawl.tools.checkstyle.checks.whitespace.FileTabCharacterCheck"/>
<error line="55" column="1" severity="error" message="Line contains a tab character." source="com.puppycrawl.tools.checkstyle.checks.whitespace.FileTabCharacterCheck"/>
<error line="56" column="1" severity="error" message="Line contains a tab character." source="com.puppycrawl.tools.checkstyle.checks.whitespace.FileTabCharacterCheck"/>
<error line="58" column="1" severity="error" message="Line contains a tab character." source="com.puppycrawl.tools.checkstyle.checks.whitespace.FileTabCharacterCheck"/>
<error line="59" column="1" severity="error" message="Line contains a tab character." source="com.puppycrawl.tools.checkstyle.checks.whitespace.FileTabCharacterCheck"/>
<error line="60" column="1" severity="error" message="Line contains a tab character." source="com.puppycrawl.tools.checkstyle.checks.whitespace.FileTabCharacterCheck"/>
<error line="62" column="1" severity="error" message="Line contains a tab character." source="com.puppycrawl.tools.checkstyle.checks.whitespace.FileTabCharacterCheck"/>
<error line="63" column="1" severity="error" message="Line contains a tab character." source="com.puppycrawl.tools.checkstyle.checks.whitespace.FileTabCharacterCheck"/>
<error line="64" column="1" severity="error" message="Line contains a tab character." source="com.puppycrawl.tools.checkstyle.checks.whitespace.FileTabCharacterCheck"/>
<error line="66" column="1" severity="error" message="Line contains a tab character." source="com.puppycrawl.tools.checkstyle.checks.whitespace.FileTabCharacterCheck"/>
<error line="67" column="1" severity="error" message="Line contains a tab character." source="com.puppycrawl.tools.checkstyle.checks.whitespace.FileTabCharacterCheck"/>
<error line="68" column="1" severity="error" message="Line contains a tab character." source="com.puppycrawl.tools.checkstyle.checks.whitespace.FileTabCharacterCheck"/>
<error line="70" column="1" severity="error" message="Line contains a tab character." source="com.puppycrawl.tools.checkstyle.checks.whitespace.FileTabCharacterCheck"/>
<error line="71" column="1" severity="error" message="Line contains a tab character." source="com.puppycrawl.tools.checkstyle.checks.whitespace.FileTabCharacterCheck"/>
<error line="72" column="1" severity="error" message="Line contains a tab character." source="com.puppycrawl.tools.checkstyle.checks.whitespace.FileTabCharacterCheck"/>
</file>
<file name="C:\Users\arath7\workspace\citi-msbf-workflow-artifacts\src\main\java\com\citi\msbf\workflow\artifact\model\ProcessInitiatorType.java">
<error line="4" column="1" severity="error" message="Line contains a tab character." source="com.puppycrawl.tools.checkstyle.checks.whitespace.FileTabCharacterCheck"/>
<error line="5" column="1" severity="error" message="Line contains a tab character." source="com.puppycrawl.tools.checkstyle.checks.whitespace.FileTabCharacterCheck"/>
</file>
</checkstyle>
